

Started GET "/assets/rails.png" for 127.0.0.1 at Sat Nov 05 20:29:42 -0400 2011
Served asset /rails.png - 200 OK (41ms)


Started GET "/assets/rails.png" for 98.188.197.93 at Sat Nov 05 20:31:12 -0400 2011
Served asset /rails.png - 200 OK (0ms)


Started GET "/rails/info/properties" for 98.188.197.93 at Sat Nov 05 20:31:38 -0400 2011
  Processing by Rails::InfoController#properties as HTML
Rendered inline template (4.0ms)
Completed 200 OK in 42ms (Views: 41.1ms | ActiveRecord: 0.0ms)


Started GET "/assets/rails.png" for 98.188.197.93 at Sat Nov 05 20:32:35 -0400 2011
Served asset /rails.png - 304 Not Modified (0ms)


Started GET "/assets/rails.png" for 66.231.146.125 at Sat Nov 05 20:32:40 -0400 2011
Served asset /rails.png - 200 OK (0ms)


Started GET "/assets/rails.png" for 127.0.0.1 at Sat Nov 05 21:00:12 -0400 2011
Served asset /rails.png - 304 Not Modified (0ms)


Started GET "/home" for 127.0.0.1 at Sat Nov 05 21:00:15 -0400 2011

ActionController::RoutingError (No route matches [GET] "/home"):
  

Rendered /usr/lib/ruby/gems/1.8/gems/actionpack-3.1.1/lib/action_dispatch/middleware/templates/rescues/routing_error.erb within rescues/layout (0.7ms)


Started GET "/assets/rails.png" for 127.0.0.1 at Sat Nov 05 21:00:22 -0400 2011
Served asset /rails.png - 304 Not Modified (0ms)


Started GET "/home/index" for 127.0.0.1 at Sat Nov 05 21:00:27 -0400 2011
  Processing by HomeController#index as HTML
Rendered home/index.html.erb within layouts/application (0.3ms)
Compiled application.css  (3ms)  (pid 6601)
Compiled home.css  (5ms)  (pid 6601)
Compiled application.js  (22ms)  (pid 6601)
Compiled jquery.js  (19ms)  (pid 6601)
Compiled jquery_ujs.js  (7ms)  (pid 6601)
Completed 500 Internal Server Error in 3026ms

ActionView::Template::Error (
  (in /home/ufpt3/kongjudge/app/assets/javascripts/home.js.coffee)):
    3: <head>
    4:   <title>Kongjudge</title>
    5:   <%= stylesheet_link_tag    "application" %>
    6:   <%= javascript_include_tag "application" %>
    7:   <%= csrf_meta_tags %>
    8: </head>
    9: <body>
  app/views/layouts/application.html.erb:6:in `_app_views_layouts_application_html_erb__335877644__618290758'

Rendered /usr/lib/ruby/gems/1.8/gems/actionpack-3.1.1/lib/action_dispatch/middleware/templates/rescues/_trace.erb (2.9ms)
Rendered /usr/lib/ruby/gems/1.8/gems/actionpack-3.1.1/lib/action_dispatch/middleware/templates/rescues/_request_and_response.erb (1.8ms)
Rendered /usr/lib/ruby/gems/1.8/gems/actionpack-3.1.1/lib/action_dispatch/middleware/templates/rescues/template_error.erb within rescues/layout (19.4ms)


Started GET "/assets/rails.png" for 127.0.0.1 at Sat Nov 05 21:03:12 -0400 2011
Served asset /rails.png - 304 Not Modified (0ms)


Started GET "/" for 127.0.0.1 at Sat Nov 05 21:03:14 -0400 2011
  Processing by HomeController#index as HTML
Rendered home/index.html.erb within layouts/application (0.1ms)
Compiled application.js  (9ms)  (pid 6601)
Completed 500 Internal Server Error in 830ms

ActionView::Template::Error (
  (in /home/ufpt3/kongjudge/app/assets/javascripts/home.js.coffee)):
    3: <head>
    4:   <title>Kongjudge</title>
    5:   <%= stylesheet_link_tag    "application" %>
    6:   <%= javascript_include_tag "application" %>
    7:   <%= csrf_meta_tags %>
    8: </head>
    9: <body>
  app/views/layouts/application.html.erb:6:in `_app_views_layouts_application_html_erb__335877644__618290758'

Rendered /usr/lib/ruby/gems/1.8/gems/actionpack-3.1.1/lib/action_dispatch/middleware/templates/rescues/_trace.erb (2.5ms)
Rendered /usr/lib/ruby/gems/1.8/gems/actionpack-3.1.1/lib/action_dispatch/middleware/templates/rescues/_request_and_response.erb (1.4ms)
Rendered /usr/lib/ruby/gems/1.8/gems/actionpack-3.1.1/lib/action_dispatch/middleware/templates/rescues/template_error.erb within rescues/layout (7.7ms)


Started GET "/" for 127.0.0.1 at Sat Nov 05 21:03:17 -0400 2011
  Processing by HomeController#index as HTML
Rendered home/index.html.erb within layouts/application (0.1ms)
Compiled application.js  (8ms)  (pid 6601)
Completed 500 Internal Server Error in 871ms

ActionView::Template::Error (
  (in /home/ufpt3/kongjudge/app/assets/javascripts/home.js.coffee)):
    3: <head>
    4:   <title>Kongjudge</title>
    5:   <%= stylesheet_link_tag    "application" %>
    6:   <%= javascript_include_tag "application" %>
    7:   <%= csrf_meta_tags %>
    8: </head>
    9: <body>
  app/views/layouts/application.html.erb:6:in `_app_views_layouts_application_html_erb__335877644__618290758'

Rendered /usr/lib/ruby/gems/1.8/gems/actionpack-3.1.1/lib/action_dispatch/middleware/templates/rescues/_trace.erb (2.5ms)
Rendered /usr/lib/ruby/gems/1.8/gems/actionpack-3.1.1/lib/action_dispatch/middleware/templates/rescues/_request_and_response.erb (1.2ms)
Rendered /usr/lib/ruby/gems/1.8/gems/actionpack-3.1.1/lib/action_dispatch/middleware/templates/rescues/template_error.erb within rescues/layout (7.1ms)


Started GET "/" for 127.0.0.1 at Sat Nov 05 21:05:58 -0400 2011
  Processing by HomeController#index as HTML
Rendered home/index.html.erb within layouts/application (0.1ms)
Compiled application.js  (10ms)  (pid 6601)
Completed 500 Internal Server Error in 737ms

ActionView::Template::Error (
  (in /home/ufpt3/kongjudge/app/assets/javascripts/home.js.coffee)):
    3: <head>
    4:   <title>Kongjudge</title>
    5:   <%= stylesheet_link_tag    "application" %>
    6:   <%= javascript_include_tag "application" %>
    7:   <%= csrf_meta_tags %>
    8: </head>
    9: <body>
  app/views/layouts/application.html.erb:6:in `_app_views_layouts_application_html_erb__335877644__618290758'

Rendered /usr/lib/ruby/gems/1.8/gems/actionpack-3.1.1/lib/action_dispatch/middleware/templates/rescues/_trace.erb (2.4ms)
Rendered /usr/lib/ruby/gems/1.8/gems/actionpack-3.1.1/lib/action_dispatch/middleware/templates/rescues/_request_and_response.erb (1.3ms)
Rendered /usr/lib/ruby/gems/1.8/gems/actionpack-3.1.1/lib/action_dispatch/middleware/templates/rescues/template_error.erb within rescues/layout (7.1ms)


Started GET "/" for 127.0.0.1 at Sat Nov 05 21:06:00 -0400 2011
  Processing by HomeController#index as HTML
Rendered home/index.html.erb within layouts/application (0.1ms)
Compiled application.js  (9ms)  (pid 6601)
Completed 500 Internal Server Error in 931ms

ActionView::Template::Error (
  (in /home/ufpt3/kongjudge/app/assets/javascripts/home.js.coffee)):
    3: <head>
    4:   <title>Kongjudge</title>
    5:   <%= stylesheet_link_tag    "application" %>
    6:   <%= javascript_include_tag "application" %>
    7:   <%= csrf_meta_tags %>
    8: </head>
    9: <body>
  app/views/layouts/application.html.erb:6:in `_app_views_layouts_application_html_erb__335877644__618290758'

Rendered /usr/lib/ruby/gems/1.8/gems/actionpack-3.1.1/lib/action_dispatch/middleware/templates/rescues/_trace.erb (2.5ms)
Rendered /usr/lib/ruby/gems/1.8/gems/actionpack-3.1.1/lib/action_dispatch/middleware/templates/rescues/_request_and_response.erb (1.3ms)
Rendered /usr/lib/ruby/gems/1.8/gems/actionpack-3.1.1/lib/action_dispatch/middleware/templates/rescues/template_error.erb within rescues/layout (7.2ms)


Started GET "/" for 127.0.0.1 at Sat Nov 05 21:11:51 -0400 2011
  Processing by HomeController#index as HTML
Rendered home/index.html.erb within layouts/application (0.1ms)
Compiled application.js  (8ms)  (pid 6601)
Completed 500 Internal Server Error in 723ms

ActionView::Template::Error (
  (in /home/ufpt3/kongjudge/app/assets/javascripts/home.js.coffee)):
    3: <head>
    4:   <title>Kongjudge</title>
    5:   <%= stylesheet_link_tag    "application" %>
    6:   <%= javascript_include_tag "application" %>
    7:   <%= csrf_meta_tags %>
    8: </head>
    9: <body>
  app/views/layouts/application.html.erb:6:in `_app_views_layouts_application_html_erb__335877644__618290758'

Rendered /usr/lib/ruby/gems/1.8/gems/actionpack-3.1.1/lib/action_dispatch/middleware/templates/rescues/_trace.erb (2.4ms)
Rendered /usr/lib/ruby/gems/1.8/gems/actionpack-3.1.1/lib/action_dispatch/middleware/templates/rescues/_request_and_response.erb (1.2ms)
Rendered /usr/lib/ruby/gems/1.8/gems/actionpack-3.1.1/lib/action_dispatch/middleware/templates/rescues/template_error.erb within rescues/layout (6.8ms)


Started GET "/" for 127.0.0.1 at Sat Nov 05 21:11:53 -0400 2011
  Processing by HomeController#index as HTML
Rendered home/index.html.erb within layouts/application (0.1ms)
Compiled application.js  (8ms)  (pid 6601)
Completed 500 Internal Server Error in 809ms

ActionView::Template::Error (
  (in /home/ufpt3/kongjudge/app/assets/javascripts/home.js.coffee)):
    3: <head>
    4:   <title>Kongjudge</title>
    5:   <%= stylesheet_link_tag    "application" %>
    6:   <%= javascript_include_tag "application" %>
    7:   <%= csrf_meta_tags %>
    8: </head>
    9: <body>
  app/views/layouts/application.html.erb:6:in `_app_views_layouts_application_html_erb__335877644__618290758'

Rendered /usr/lib/ruby/gems/1.8/gems/actionpack-3.1.1/lib/action_dispatch/middleware/templates/rescues/_trace.erb (2.7ms)
Rendered /usr/lib/ruby/gems/1.8/gems/actionpack-3.1.1/lib/action_dispatch/middleware/templates/rescues/_request_and_response.erb (1.3ms)
Rendered /usr/lib/ruby/gems/1.8/gems/actionpack-3.1.1/lib/action_dispatch/middleware/templates/rescues/template_error.erb within rescues/layout (7.5ms)


Started GET "/" for 127.0.0.1 at Sat Nov 05 21:11:54 -0400 2011
  Processing by HomeController#index as HTML
Rendered home/index.html.erb within layouts/application (0.1ms)
Compiled application.js  (8ms)  (pid 6601)
Completed 500 Internal Server Error in 832ms

ActionView::Template::Error (
  (in /home/ufpt3/kongjudge/app/assets/javascripts/home.js.coffee)):
    3: <head>
    4:   <title>Kongjudge</title>
    5:   <%= stylesheet_link_tag    "application" %>
    6:   <%= javascript_include_tag "application" %>
    7:   <%= csrf_meta_tags %>
    8: </head>
    9: <body>
  app/views/layouts/application.html.erb:6:in `_app_views_layouts_application_html_erb__335877644__618290758'

Rendered /usr/lib/ruby/gems/1.8/gems/actionpack-3.1.1/lib/action_dispatch/middleware/templates/rescues/_trace.erb (2.7ms)
Rendered /usr/lib/ruby/gems/1.8/gems/actionpack-3.1.1/lib/action_dispatch/middleware/templates/rescues/_request_and_response.erb (1.4ms)
Rendered /usr/lib/ruby/gems/1.8/gems/actionpack-3.1.1/lib/action_dispatch/middleware/templates/rescues/template_error.erb within rescues/layout (8.1ms)


Started GET "/" for 127.0.0.1 at Sat Nov 05 21:11:56 -0400 2011
  Processing by HomeController#index as HTML
Rendered home/index.html.erb within layouts/application (0.1ms)
Compiled application.js  (8ms)  (pid 6601)
Completed 500 Internal Server Error in 909ms

ActionView::Template::Error (
  (in /home/ufpt3/kongjudge/app/assets/javascripts/home.js.coffee)):
    3: <head>
    4:   <title>Kongjudge</title>
    5:   <%= stylesheet_link_tag    "application" %>
    6:   <%= javascript_include_tag "application" %>
    7:   <%= csrf_meta_tags %>
    8: </head>
    9: <body>
  app/views/layouts/application.html.erb:6:in `_app_views_layouts_application_html_erb__335877644__618290758'

Rendered /usr/lib/ruby/gems/1.8/gems/actionpack-3.1.1/lib/action_dispatch/middleware/templates/rescues/_trace.erb (2.4ms)
Rendered /usr/lib/ruby/gems/1.8/gems/actionpack-3.1.1/lib/action_dispatch/middleware/templates/rescues/_request_and_response.erb (1.2ms)
Rendered /usr/lib/ruby/gems/1.8/gems/actionpack-3.1.1/lib/action_dispatch/middleware/templates/rescues/template_error.erb within rescues/layout (7.1ms)


Started GET "/" for 127.0.0.1 at Sat Nov 05 21:13:12 -0400 2011
  Processing by HomeController#index as HTML
Rendered home/index.html.erb within layouts/application (0.1ms)
Compiled application.js  (9ms)  (pid 6601)
Completed 500 Internal Server Error in 716ms

ActionView::Template::Error (
  (in /home/ufpt3/kongjudge/app/assets/javascripts/home.js.coffee)):
    3: <head>
    4:   <title>Kongjudge</title>
    5:   <%= stylesheet_link_tag    "application" %>
    6:   <%= javascript_include_tag "application" %>
    7:   <%= csrf_meta_tags %>
    8: </head>
    9: <body>
  app/views/layouts/application.html.erb:6:in `_app_views_layouts_application_html_erb__335877644__618290758'

Rendered /usr/lib/ruby/gems/1.8/gems/actionpack-3.1.1/lib/action_dispatch/middleware/templates/rescues/_trace.erb (2.6ms)
Rendered /usr/lib/ruby/gems/1.8/gems/actionpack-3.1.1/lib/action_dispatch/middleware/templates/rescues/_request_and_response.erb (1.3ms)
Rendered /usr/lib/ruby/gems/1.8/gems/actionpack-3.1.1/lib/action_dispatch/middleware/templates/rescues/template_error.erb within rescues/layout (7.3ms)


Started GET "/" for 127.0.0.1 at Sat Nov 05 21:13:39 -0400 2011
  Processing by HomeController#index as HTML
Rendered home/index.html.erb within layouts/application (0.1ms)
Compiled application.js  (8ms)  (pid 6601)
Completed 500 Internal Server Error in 732ms

ActionView::Template::Error (
  (in /home/ufpt3/kongjudge/app/assets/javascripts/home.js.coffee)):
    3: <head>
    4:   <title>Kongjudge</title>
    5:   <%= stylesheet_link_tag    "application" %>
    6:   <%= javascript_include_tag "application" %>
    7:   <%= csrf_meta_tags %>
    8: </head>
    9: <body>
  app/views/layouts/application.html.erb:6:in `_app_views_layouts_application_html_erb__335877644__618290758'

Rendered /usr/lib/ruby/gems/1.8/gems/actionpack-3.1.1/lib/action_dispatch/middleware/templates/rescues/_trace.erb (64.6ms)
Rendered /usr/lib/ruby/gems/1.8/gems/actionpack-3.1.1/lib/action_dispatch/middleware/templates/rescues/_request_and_response.erb (1.3ms)
Rendered /usr/lib/ruby/gems/1.8/gems/actionpack-3.1.1/lib/action_dispatch/middleware/templates/rescues/template_error.erb within rescues/layout (76.3ms)


Started GET "/" for 127.0.0.1 at Sat Nov 05 21:19:31 -0400 2011
  Processing by HomeController#index as HTML
Rendered home/index.html.erb within layouts/application (0.1ms)
Compiled application.js  (7ms)  (pid 6601)
Completed 200 OK in 45ms (Views: 44.1ms | ActiveRecord: 0.0ms)


Started GET "/assets/application.css?body=1" for 127.0.0.1 at Sat Nov 05 21:19:31 -0400 2011
Served asset /application.css - 200 OK (0ms)


Started GET "/assets/home.css?body=1" for 127.0.0.1 at Sat Nov 05 21:19:31 -0400 2011
Served asset /home.css - 200 OK (5ms)


Started GET "/assets/jquery.js?body=1" for 127.0.0.1 at Sat Nov 05 21:19:31 -0400 2011
Served asset /jquery.js - 200 OK (5ms)


Started GET "/assets/jquery_ujs.js?body=1" for 127.0.0.1 at Sat Nov 05 21:19:31 -0400 2011
Served asset /jquery_ujs.js - 200 OK (7ms)


Started GET "/assets/application.js?body=1" for 127.0.0.1 at Sat Nov 05 21:19:31 -0400 2011
Served asset /application.js - 200 OK (0ms)


Started GET "/" for 98.188.197.93 at Sat Nov 05 21:22:00 -0400 2011
  Processing by HomeController#index as HTML
Rendered home/index.html.erb within layouts/application (0.1ms)
Completed 200 OK in 16ms (Views: 15.1ms | ActiveRecord: 0.0ms)


Started GET "/assets/application.css?body=1" for 98.188.197.93 at Sat Nov 05 21:22:00 -0400 2011
Served asset /application.css - 200 OK (0ms)


Started GET "/assets/home.css?body=1" for 98.188.197.93 at Sat Nov 05 21:22:00 -0400 2011
Served asset /home.css - 200 OK (0ms)


Started GET "/assets/jquery.js?body=1" for 98.188.197.93 at Sat Nov 05 21:22:00 -0400 2011
Served asset /jquery.js - 200 OK (0ms)


Started GET "/assets/jquery_ujs.js?body=1" for 98.188.197.93 at Sat Nov 05 21:22:00 -0400 2011
Served asset /jquery_ujs.js - 200 OK (0ms)


Started GET "/assets/application.js?body=1" for 98.188.197.93 at Sat Nov 05 21:22:00 -0400 2011
Served asset /application.js - 200 OK (0ms)


Started GET "/" for 127.0.0.1 at Sat Nov 05 21:31:52 -0400 2011
  Processing by HomeController#index as HTML
Rendered home/index.html.erb within layouts/application (0.3ms)
Completed 200 OK in 17ms (Views: 16.1ms | ActiveRecord: 0.0ms)


Started GET "/assets/application.css?body=1" for 127.0.0.1 at Sat Nov 05 21:31:52 -0400 2011
Served asset /application.css - 304 Not Modified (0ms)


Started GET "/assets/home.css?body=1" for 127.0.0.1 at Sat Nov 05 21:31:52 -0400 2011
Served asset /home.css - 304 Not Modified (0ms)


Started GET "/assets/jquery.js?body=1" for 127.0.0.1 at Sat Nov 05 21:31:52 -0400 2011
Served asset /jquery.js - 304 Not Modified (0ms)


Started GET "/assets/jquery_ujs.js?body=1" for 127.0.0.1 at Sat Nov 05 21:31:52 -0400 2011
Served asset /jquery_ujs.js - 304 Not Modified (0ms)


Started GET "/assets/application.js?body=1" for 127.0.0.1 at Sat Nov 05 21:31:52 -0400 2011
Served asset /application.js - 304 Not Modified (0ms)


Started GET "/" for 192.168.1.115 at 2013-04-27 05:09:48 -0700
  Processing by HomeController#index as HTML
Rendered home/index.html.erb within layouts/application (3.8ms)
Cache for Asset (application.js) is stale
/usr/lib/ruby/gems/1.8/gems/jquery-rails-1.0.16/vendor/assets/javascripts/jquery.js isn't in paths: /home/miorel/repofix/KongJudge/app/assets/images, /home/miorel/repofix/KongJudge/app/assets/javascripts, /home/miorel/repofix/KongJudge/app/assets/stylesheets, /home/miorel/repofix/KongJudge/vendor/assets/stylesheets, /var/lib/gems/1.9.1/gems/jquery-rails-1.0.16/vendor/assets/javascripts
Compiled application.js  (2ms)  (pid 2910)
Compiled jquery.js  (0ms)  (pid 2910)
Compiled jquery_ujs.js  (0ms)  (pid 2910)
Completed 200 OK in 66ms (Views: 65.5ms | ActiveRecord: 0.0ms)


Started GET "/assets/home.css?body=1" for 192.168.1.115 at 2013-04-27 05:09:49 -0700
Served asset /home.css - 200 OK (2ms)


Started GET "/assets/application.css?body=1" for 192.168.1.115 at 2013-04-27 05:09:49 -0700
Served asset /application.css - 200 OK (0ms)


Started GET "/assets/application.js?body=1" for 192.168.1.115 at 2013-04-27 05:09:49 -0700
Served asset /application.js - 200 OK (0ms)


Started GET "/assets/jquery_ujs.js?body=1" for 192.168.1.115 at 2013-04-27 05:09:49 -0700
Served asset /jquery_ujs.js - 200 OK (3ms)


Started GET "/assets/jquery.js?body=1" for 192.168.1.115 at 2013-04-27 05:09:49 -0700
Served asset /jquery.js - 200 OK (2ms)


Started GET "/assets/application.css?body=1" for 192.168.1.115 at 2013-04-27 05:10:10 -0700
Served asset /application.css - 304 Not Modified (0ms)
